55602:M 14 Sep 01:42:38.854 # Creating Server TCP listening socket 127.0.0.1:6379: bind: Address already in use
55608:M 14 Sep 01:42:52.980 # Creating Server TCP listening socket 127.0.0.1:6379: bind: Address already in use
55616:M 14 Sep 01:43:12.011 # Creating Server TCP listening socket 127.0.0.1:6379: bind: Address already in use
                _._                                                  
           _.-``__ ''-._                                             
      _.-``    `.  `_.  ''-._           Redis 3.2.8 (00000000/0) 64 bit
  .-`` .-```.  ```\/    _.,_ ''-._                                   
 (    '      ,       .-`  | `,    )     Running in standalone mode
 |`-._`-...-` __...-.``-._|'` _.-'|     Port: 6379
 |    `-._   `._    /     _.-'    |     PID: 56241
  `-._    `-._  `-./  _.-'    _.-'                                   
 |`-._`-._    `-.__.-'    _.-'_.-'|                                  
 |    `-._`-._        _.-'_.-'    |           http://redis.io        
  `-._    `-._`-.__.-'_.-'    _.-'                                   
 |`-._`-._    `-.__.-'    _.-'_.-'|                                  
 |    `-._`-._        _.-'_.-'    |                                  
  `-._    `-._`-.__.-'_.-'    _.-'                                   
      `-._    `-.__.-'    _.-'                                       
          `-._        _.-'                                           
              `-.__.-'                                               

56241:M 14 Sep 01:59:35.586 # Server started, Redis version 3.2.8
56241:M 14 Sep 01:59:35.586 * DB loaded from disk: 0.000 seconds
56241:M 14 Sep 01:59:35.586 * The server is now ready to accept connections on port 6379
56241:M 14 Sep 02:14:36.063 * 1 changes in 900 seconds. Saving...
56241:M 14 Sep 02:14:36.066 * Background saving started by pid 56693
56693:C 14 Sep 02:14:36.069 * DB saved on disk
56241:M 14 Sep 02:14:36.166 * Background saving terminated with success
56241:M 14 Sep 02:29:37.031 * 1 changes in 900 seconds. Saving...
56241:M 14 Sep 02:29:37.033 * Background saving started by pid 57159
57159:C 14 Sep 02:29:37.037 * DB saved on disk
56241:M 14 Sep 02:29:37.133 * Background saving terminated with success
56241:M 14 Sep 03:00:41.223 * 1 changes in 900 seconds. Saving...
56241:M 14 Sep 03:00:41.224 * Background saving started by pid 57812
57812:C 14 Sep 03:00:41.228 * DB saved on disk
56241:M 14 Sep 03:00:41.329 * Background saving terminated with success
56241:M 14 Sep 03:15:42.054 * 1 changes in 900 seconds. Saving...
56241:M 14 Sep 03:15:42.056 * Background saving started by pid 58127
58127:C 14 Sep 03:15:42.059 * DB saved on disk
56241:M 14 Sep 03:15:42.161 * Background saving terminated with success
56241:M 14 Sep 03:26:25.745 * 10 changes in 300 seconds. Saving...
56241:M 14 Sep 03:26:25.746 * Background saving started by pid 58384
58384:C 14 Sep 03:26:25.748 * DB saved on disk
56241:M 14 Sep 03:26:25.850 * Background saving terminated with success
56241:M 14 Sep 03:32:36.874 * 10 changes in 300 seconds. Saving...
56241:M 14 Sep 03:32:36.876 * Background saving started by pid 58567
58567:C 14 Sep 03:32:36.877 * DB saved on disk
56241:M 14 Sep 03:32:36.980 * Background saving terminated with success
